[debug] [2023-10-24T09:35:01.998Z] ----------------------------------------------------------------------
[debug] [2023-10-24T09:35:01.999Z] Command:       C:\Program Files\nodejs\node.exe C:\Program Files\nodejs\node_modules\firebase-tools\lib\bin\firebase.js init hosting
[debug] [2023-10-24T09:35:01.999Z] CLI Version:   12.7.0
[debug] [2023-10-24T09:35:01.999Z] Platform:      win32
[debug] [2023-10-24T09:35:01.999Z] Node Version:  v16.20.2
[debug] [2023-10-24T09:35:02.000Z] Time:          Tue Oct 24 2023 17:35:02 GMT+0800 (China Standard Time)
[debug] [2023-10-24T09:35:02.000Z] ----------------------------------------------------------------------
[debug] 
[debug] [2023-10-24T09:35:02.005Z] > command requires scopes: ["email","openid","https://www.googleapis.com/auth/cloudplatformprojects.readonly","https://www.googleapis.com/auth/firebase","https://www.googleapis.com/auth/cloud-platform"]
[debug] [2023-10-24T09:35:02.005Z] > authorizing via signed-in user (hiccupdev1912248@gmail.com)
[info] 
     ######## #### ########  ######## ########     ###     ######  ########
     ##        ##  ##     ## ##       ##     ##  ##   ##  ##       ##
     ######    ##  ########  ######   ########  #########  ######  ######
     ##        ##  ##    ##  ##       ##     ## ##     ##       ## ##
     ##       #### ##     ## ######## ########  ##     ##  ######  ########

You're about to initialize a Firebase project in this directory:

  D:\PROJECT\uc8

[info] 
=== Project Setup
[info] 
[info] First, let's associate this project directory with a Firebase project.
[info] You can create multiple project aliases by running firebase use --add, 
[info] but for now we'll just set up a default project.
[info] 
[debug] [2023-10-24T09:35:14.353Z] >>> [apiv2][query] GET https://firebase.googleapis.com/v1beta1/projects pageSize=100
[debug] [2023-10-24T09:35:15.377Z] <<< [apiv2][status] GET https://firebase.googleapis.com/v1beta1/projects 200
[debug] [2023-10-24T09:35:15.377Z] <<< [apiv2][body] GET https://firebase.googleapis.com/v1beta1/projects [omitted]
